<?xml version="1.0" encoding="UTF-8"?>
<testng-results skipped="0" failed="0" total="1" passed="1">
  <reporter-output>
  </reporter-output>
  <suite name="Default suite" duration-ms="19112" started-at="2017-03-06T14:27:55Z" finished-at="2017-03-06T14:28:14Z">
    <groups>
    </groups>
    <test name="Default test" duration-ms="19112" started-at="2017-03-06T14:27:55Z" finished-at="2017-03-06T14:28:14Z">
      <class name="com.epam.wizzair.test.TestCases">
        <test-method status="PASS" signature="setUp()[pri:0, instance:com.epam.wizzair.test.TestCases@7823a2f9]" name="setUp" is-config="true" duration-ms="4700" started-at="2017-03-06T17:27:55Z" description="Init browser" finished-at="2017-03-06T17:28:00Z">
          <reporter-output>
          </reporter-output>
        </test-method> <!-- setUp -->
        <test-method status="PASS" signature="flitsSum()[pri:0, instance:com.epam.wizzair.test.TestCases@7823a2f9]" name="flitsSum" duration-ms="13031" started-at="2017-03-06T17:28:00Z" finished-at="2017-03-06T17:28:13Z">
          <reporter-output>
          </reporter-output>
        </test-method> <!-- flitsSum -->
        <test-method status="PASS" signature="close()[pri:0, instance:com.epam.wizzair.test.TestCases@7823a2f9]" name="close" is-config="true" duration-ms="1364" started-at="2017-03-06T17:28:13Z" finished-at="2017-03-06T17:28:14Z">
          <reporter-output>
          </reporter-output>
        </test-method> <!-- close -->
      </class> <!-- com.epam.wizzair.test.TestCases -->
    </test> <!-- Default test -->
  </suite> <!-- Default suite -->
</testng-results>
